<?xml version="1.0" encoding="UTF-8"?>
<!-- Generated by org.testng.reporters.JUnitReportReporter -->
<testsuite skipped="0" hostname="navinhamarsimac.lan" name="com.org.selenium.tests.LoginTest" tests="3" failures="0" timestamp="23 Mar 2020 01:09:04 GMT" time="15.855" errors="0">
  <testcase name="baseTest" time="4.154" classname="com.org.selenium.tests.LoginTest"/>
  <testcase name="baseTest" time="7.854" classname="com.org.selenium.tests.LoginTest"/>
  <testcase name="baseTest" time="3.847" classname="com.org.selenium.tests.LoginTest"/>
</testsuite> <!-- com.org.selenium.tests.LoginTest -->
