<?xml version="1.0" encoding="UTF-8"?>
<!-- Generated by org.testng.reporters.JUnitReportReporter -->
<testsuite skipped="0" hostname="navinhamarsimac.lan" name="com.org.selenium.tests.LandingPageTest" tests="4" failures="0" timestamp="23 Mar 2020 01:09:04 GMT" time="6.826" errors="0">
  <testcase name="homeNavigationBarTest" time="0.031" classname="com.org.selenium.tests.LandingPageTest"/>
  <testcase name="landingPageNavigationTest" time="6.719" classname="com.org.selenium.tests.LandingPageTest"/>
  <testcase name="coursesNavigationBarTest" time="0.040" classname="com.org.selenium.tests.LandingPageTest"/>
  <testcase name="videosNavigationBarTest" time="0.036" classname="com.org.selenium.tests.LandingPageTest"/>
</testsuite> <!-- com.org.selenium.tests.LandingPageTest -->
