<?xml version="1.0" encoding="UTF-8"?>
<testsuite xmlns:xsi="http://www.w3.org/2001/XMLSchema-instance" xsi:noNamespaceSchemaLocation="https://maven.apache.org/surefire/maven-surefire-plugin/xsd/surefire-test-report-3.0.xsd" version="3.0" name="TestSuite" time="26.077" tests="7" errors="0" skipped="0" failures="0">
  <properties>
    <property name="gopherProxySet" value="false"/>
    <property name="awt.toolkit" value="sun.lwawt.macosx.LWCToolkit"/>
    <property name="file.encoding.pkg" value="sun.io"/>
    <property name="java.specification.version" value="1.8"/>
    <property name="webdriver.chrome.driver" value="//Users//navinsourie//Documents//Technology//Selenium//chromedriver"/>
    <property name="sun.cpu.isalist" value=""/>
    <property name="sun.jnu.encoding" value="UTF-8"/>
    <property name="java.class.path" value="/Users/navinsourie/selenium-WS/End-To-End-Selenium/target/test-classes:/Users/navinsourie/selenium-WS/End-To-End-Selenium/target/classes:/Users/navinsourie/.m2/repository/org/seleniumhq/selenium/selenium-java/3.6.0/selenium-java-3.6.0.jar:/Users/navinsourie/.m2/repository/org/seleniumhq/selenium/selenium-api/3.6.0/selenium-api-3.6.0.jar:/Users/navinsourie/.m2/repository/org/seleniumhq/selenium/selenium-chrome-driver/3.6.0/selenium-chrome-driver-3.6.0.jar:/Users/navinsourie/.m2/repository/org/seleniumhq/selenium/selenium-edge-driver/3.6.0/selenium-edge-driver-3.6.0.jar:/Users/navinsourie/.m2/repository/org/seleniumhq/selenium/selenium-firefox-driver/3.6.0/selenium-firefox-driver-3.6.0.jar:/Users/navinsourie/.m2/repository/org/seleniumhq/selenium/selenium-ie-driver/3.6.0/selenium-ie-driver-3.6.0.jar:/Users/navinsourie/.m2/repository/org/seleniumhq/selenium/selenium-opera-driver/3.6.0/selenium-opera-driver-3.6.0.jar:/Users/navinsourie/.m2/repository/org/seleniumhq/selenium/selenium-remote-driver/3.6.0/selenium-remote-driver-3.6.0.jar:/Users/navinsourie/.m2/repository/org/seleniumhq/selenium/selenium-safari-driver/3.6.0/selenium-safari-driver-3.6.0.jar:/Users/navinsourie/.m2/repository/org/seleniumhq/selenium/selenium-support/3.6.0/selenium-support-3.6.0.jar:/Users/navinsourie/.m2/repository/net/bytebuddy/byte-buddy/1.7.5/byte-buddy-1.7.5.jar:/Users/navinsourie/.m2/repository/org/apache/commons/commons-exec/1.3/commons-exec-1.3.jar:/Users/navinsourie/.m2/repository/commons-codec/commons-codec/1.10/commons-codec-1.10.jar:/Users/navinsourie/.m2/repository/commons-logging/commons-logging/1.2/commons-logging-1.2.jar:/Users/navinsourie/.m2/repository/com/google/code/gson/gson/2.8.0/gson-2.8.0.jar:/Users/navinsourie/.m2/repository/com/google/guava/guava/23.0/guava-23.0.jar:/Users/navinsourie/.m2/repository/com/google/code/findbugs/jsr305/1.3.9/jsr305-1.3.9.jar:/Users/navinsourie/.m2/repository/com/google/errorprone/error_prone_annotations/2.0.18/error_prone_annotations-2.0.18.jar:/Users/navinsourie/.m2/repository/com/google/j2objc/j2objc-annotations/1.1/j2objc-annotations-1.1.jar:/Users/navinsourie/.m2/repository/org/codehaus/mojo/animal-sniffer-annotations/1.14/animal-sniffer-annotations-1.14.jar:/Users/navinsourie/.m2/repository/org/apache/httpcomponents/httpclient/4.5.3/httpclient-4.5.3.jar:/Users/navinsourie/.m2/repository/org/apache/httpcomponents/httpcore/4.4.6/httpcore-4.4.6.jar:/Users/navinsourie/.m2/repository/net/java/dev/jna/jna/4.1.0/jna-4.1.0.jar:/Users/navinsourie/.m2/repository/net/java/dev/jna/jna-platform/4.1.0/jna-platform-4.1.0.jar:/Users/navinsourie/.m2/repository/org/testng/testng/6.11/testng-6.11.jar:/Users/navinsourie/.m2/repository/com/beust/jcommander/1.64/jcommander-1.64.jar:/Users/navinsourie/.m2/repository/org/yaml/snakeyaml/1.17/snakeyaml-1.17.jar:/Users/navinsourie/.m2/repository/org/apache/logging/log4j/log4j-core/2.8.2/log4j-core-2.8.2.jar:/Users/navinsourie/.m2/repository/org/apache/logging/log4j/log4j-api/2.8.2/log4j-api-2.8.2.jar:/Users/navinsourie/.m2/repository/log4j/log4j/1.2.17/log4j-1.2.17.jar:/Users/navinsourie/.m2/repository/commons-io/commons-io/2.6/commons-io-2.6.jar:/Users/navinsourie/.m2/repository/com/aventstack/extentreports/3.1.5/extentreports-3.1.5.jar:/Users/navinsourie/.m2/repository/org/freemarker/freemarker/2.3.23/freemarker-2.3.23.jar:/Users/navinsourie/.m2/repository/org/mongodb/mongodb-driver/3.3.0/mongodb-driver-3.3.0.jar:/Users/navinsourie/.m2/repository/org/mongodb/bson/3.3.0/bson-3.3.0.jar:/Users/navinsourie/.m2/repository/org/mongodb/mongodb-driver-core/3.3.0/mongodb-driver-core-3.3.0.jar:/Users/navinsourie/.m2/repository/org/apache/httpcomponents/httpmime/4.5.2/httpmime-4.5.2.jar:/Users/navinsourie/.m2/repository/org/jsoup/jsoup/1.9.2/jsoup-1.9.2.jar:/Users/navinsourie/.m2/repository/com/relevantcodes/extentreports/2.41.0/extentreports-2.41.0.jar:/Users/navinsourie/.m2/repository/org/xerial/sqlite-jdbc/3.8.11.1/sqlite-jdbc-3.8.11.1.jar:"/>
    <property name="java.vm.vendor" value="Oracle Corporation"/>
    <property name="sun.arch.data.model" value="64"/>
    <property name="java.vendor.url" value="http://java.oracle.com/"/>
    <property name="user.timezone" value="America/Chicago"/>
    <property name="java.vm.specification.version" value="1.8"/>
    <property name="os.name" value="Mac OS X"/>
    <property name="user.country" value="US"/>
    <property name="sun.java.launcher" value="SUN_STANDARD"/>
    <property name="sun.boot.library.path" value="/Library/Java/JavaVirtualMachines/jdk1.8.0_171.jdk/Contents/Home/jre/lib"/>
    <property name="sun.java.command" value="/Users/navinsourie/selenium-WS/End-To-End-Selenium/target/surefire/surefirebooter8544060169472020127.jar /Users/navinsourie/selenium-WS/End-To-End-Selenium/target/surefire 2020-03-22T00-36-09_689-jvmRun1 surefire4640831972976544562tmp surefire_03002097325463887140tmp"/>
    <property name="http.nonProxyHosts" value="local|*.local|169.254/16|*.169.254/16"/>
    <property name="surefire.test.class.path" value="/Users/navinsourie/selenium-WS/End-To-End-Selenium/target/test-classes:/Users/navinsourie/selenium-WS/End-To-End-Selenium/target/classes:/Users/navinsourie/.m2/repository/org/seleniumhq/selenium/selenium-java/3.6.0/selenium-java-3.6.0.jar:/Users/navinsourie/.m2/repository/org/seleniumhq/selenium/selenium-api/3.6.0/selenium-api-3.6.0.jar:/Users/navinsourie/.m2/repository/org/seleniumhq/selenium/selenium-chrome-driver/3.6.0/selenium-chrome-driver-3.6.0.jar:/Users/navinsourie/.m2/repository/org/seleniumhq/selenium/selenium-edge-driver/3.6.0/selenium-edge-driver-3.6.0.jar:/Users/navinsourie/.m2/repository/org/seleniumhq/selenium/selenium-firefox-driver/3.6.0/selenium-firefox-driver-3.6.0.jar:/Users/navinsourie/.m2/repository/org/seleniumhq/selenium/selenium-ie-driver/3.6.0/selenium-ie-driver-3.6.0.jar:/Users/navinsourie/.m2/repository/org/seleniumhq/selenium/selenium-opera-driver/3.6.0/selenium-opera-driver-3.6.0.jar:/Users/navinsourie/.m2/repository/org/seleniumhq/selenium/selenium-remote-driver/3.6.0/selenium-remote-driver-3.6.0.jar:/Users/navinsourie/.m2/repository/org/seleniumhq/selenium/selenium-safari-driver/3.6.0/selenium-safari-driver-3.6.0.jar:/Users/navinsourie/.m2/repository/org/seleniumhq/selenium/selenium-support/3.6.0/selenium-support-3.6.0.jar:/Users/navinsourie/.m2/repository/net/bytebuddy/byte-buddy/1.7.5/byte-buddy-1.7.5.jar:/Users/navinsourie/.m2/repository/org/apache/commons/commons-exec/1.3/commons-exec-1.3.jar:/Users/navinsourie/.m2/repository/commons-codec/commons-codec/1.10/commons-codec-1.10.jar:/Users/navinsourie/.m2/repository/commons-logging/commons-logging/1.2/commons-logging-1.2.jar:/Users/navinsourie/.m2/repository/com/google/code/gson/gson/2.8.0/gson-2.8.0.jar:/Users/navinsourie/.m2/repository/com/google/guava/guava/23.0/guava-23.0.jar:/Users/navinsourie/.m2/repository/com/google/code/findbugs/jsr305/1.3.9/jsr305-1.3.9.jar:/Users/navinsourie/.m2/repository/com/google/errorprone/error_prone_annotations/2.0.18/error_prone_annotations-2.0.18.jar:/Users/navinsourie/.m2/repository/com/google/j2objc/j2objc-annotations/1.1/j2objc-annotations-1.1.jar:/Users/navinsourie/.m2/repository/org/codehaus/mojo/animal-sniffer-annotations/1.14/animal-sniffer-annotations-1.14.jar:/Users/navinsourie/.m2/repository/org/apache/httpcomponents/httpclient/4.5.3/httpclient-4.5.3.jar:/Users/navinsourie/.m2/repository/org/apache/httpcomponents/httpcore/4.4.6/httpcore-4.4.6.jar:/Users/navinsourie/.m2/repository/net/java/dev/jna/jna/4.1.0/jna-4.1.0.jar:/Users/navinsourie/.m2/repository/net/java/dev/jna/jna-platform/4.1.0/jna-platform-4.1.0.jar:/Users/navinsourie/.m2/repository/org/testng/testng/6.11/testng-6.11.jar:/Users/navinsourie/.m2/repository/com/beust/jcommander/1.64/jcommander-1.64.jar:/Users/navinsourie/.m2/repository/org/yaml/snakeyaml/1.17/snakeyaml-1.17.jar:/Users/navinsourie/.m2/repository/org/apache/logging/log4j/log4j-core/2.8.2/log4j-core-2.8.2.jar:/Users/navinsourie/.m2/repository/org/apache/logging/log4j/log4j-api/2.8.2/log4j-api-2.8.2.jar:/Users/navinsourie/.m2/repository/log4j/log4j/1.2.17/log4j-1.2.17.jar:/Users/navinsourie/.m2/repository/commons-io/commons-io/2.6/commons-io-2.6.jar:/Users/navinsourie/.m2/repository/com/aventstack/extentreports/3.1.5/extentreports-3.1.5.jar:/Users/navinsourie/.m2/repository/org/freemarker/freemarker/2.3.23/freemarker-2.3.23.jar:/Users/navinsourie/.m2/repository/org/mongodb/mongodb-driver/3.3.0/mongodb-driver-3.3.0.jar:/Users/navinsourie/.m2/repository/org/mongodb/bson/3.3.0/bson-3.3.0.jar:/Users/navinsourie/.m2/repository/org/mongodb/mongodb-driver-core/3.3.0/mongodb-driver-core-3.3.0.jar:/Users/navinsourie/.m2/repository/org/apache/httpcomponents/httpmime/4.5.2/httpmime-4.5.2.jar:/Users/navinsourie/.m2/repository/org/jsoup/jsoup/1.9.2/jsoup-1.9.2.jar:/Users/navinsourie/.m2/repository/com/relevantcodes/extentreports/2.41.0/extentreports-2.41.0.jar:/Users/navinsourie/.m2/repository/org/xerial/sqlite-jdbc/3.8.11.1/sqlite-jdbc-3.8.11.1.jar:"/>
    <property name="sun.cpu.endian" value="little"/>
    <property name="user.home" value="/Users/navinsourie"/>
    <property name="user.language" value="en"/>
    <property name="java.specification.vendor" value="Oracle Corporation"/>
    <property name="java.home" value="/Library/Java/JavaVirtualMachines/jdk1.8.0_171.jdk/Contents/Home/jre"/>
    <property name="basedir" value="/Users/navinsourie/selenium-WS/End-To-End-Selenium"/>
    <property name="file.separator" value="/"/>
    <property name="line.separator" value="&#10;"/>
    <property name="java.vm.specification.vendor" value="Oracle Corporation"/>
    <property name="java.specification.name" value="Java Platform API Specification"/>
    <property name="java.awt.graphicsenv" value="sun.awt.CGraphicsEnvironment"/>
    <property name="surefire.real.class.path" value="/Users/navinsourie/selenium-WS/End-To-End-Selenium/target/surefire/surefirebooter8544060169472020127.jar"/>
    <property name="sun.boot.class.path" value="/Library/Java/JavaVirtualMachines/jdk1.8.0_171.jdk/Contents/Home/jre/lib/resources.jar:/Library/Java/JavaVirtualMachines/jdk1.8.0_171.jdk/Contents/Home/jre/lib/rt.jar:/Library/Java/JavaVirtualMachines/jdk1.8.0_171.jdk/Contents/Home/jre/lib/sunrsasign.jar:/Library/Java/JavaVirtualMachines/jdk1.8.0_171.jdk/Contents/Home/jre/lib/jsse.jar:/Library/Java/JavaVirtualMachines/jdk1.8.0_171.jdk/Contents/Home/jre/lib/jce.jar:/Library/Java/JavaVirtualMachines/jdk1.8.0_171.jdk/Contents/Home/jre/lib/charsets.jar:/Library/Java/JavaVirtualMachines/jdk1.8.0_171.jdk/Contents/Home/jre/lib/jfr.jar:/Library/Java/JavaVirtualMachines/jdk1.8.0_171.jdk/Contents/Home/jre/classes"/>
    <property name="sun.management.compiler" value="HotSpot 64-Bit Tiered Compilers"/>
    <property name="ftp.nonProxyHosts" value="local|*.local|169.254/16|*.169.254/16"/>
    <property name="java.runtime.version" value="1.8.0_171-b11"/>
    <property name="user.name" value="navinsourie"/>
    <property name="path.separator" value=":"/>
    <property name="os.version" value="10.13.6"/>
    <property name="java.endorsed.dirs" value="/Library/Java/JavaVirtualMachines/jdk1.8.0_171.jdk/Contents/Home/jre/lib/endorsed"/>
    <property name="java.runtime.name" value="Java(TM) SE Runtime Environment"/>
    <property name="file.encoding" value="UTF-8"/>
    <property name="java.vm.name" value="Java HotSpot(TM) 64-Bit Server VM"/>
    <property name="localRepository" value="/Users/navinsourie/.m2/repository"/>
    <property name="java.vendor.url.bug" value="http://bugreport.sun.com/bugreport/"/>
    <property name="java.io.tmpdir" value="/var/folders/9g/42wkr_wj769159h7th3k_dfh0000gn/T/"/>
    <property name="java.version" value="1.8.0_171"/>
    <property name="user.dir" value="/Users/navinsourie/selenium-WS/End-To-End-Selenium"/>
    <property name="os.arch" value="x86_64"/>
    <property name="java.vm.specification.name" value="Java Virtual Machine Specification"/>
    <property name="java.awt.printerjob" value="sun.lwawt.macosx.CPrinterJob"/>
    <property name="sun.os.patch.level" value="unknown"/>
    <property name="java.library.path" value="/Users/navinsourie/Library/Java/Extensions:/Library/Java/Extensions:/Network/Library/Java/Extensions:/System/Library/Java/Extensions:/usr/lib/java:."/>
    <property name="java.vm.info" value="mixed mode"/>
    <property name="java.vendor" value="Oracle Corporation"/>
    <property name="java.vm.version" value="25.171-b11"/>
    <property name="java.ext.dirs" value="/Users/navinsourie/Library/Java/Extensions:/Library/Java/JavaVirtualMachines/jdk1.8.0_171.jdk/Contents/Home/jre/lib/ext:/Library/Java/Extensions:/Network/Library/Java/Extensions:/System/Library/Java/Extensions:/usr/lib/java"/>
    <property name="sun.io.unicode.encoding" value="UnicodeBig"/>
    <property name="java.class.version" value="52.0"/>
    <property name="socksNonProxyHosts" value="local|*.local|169.254/16|*.169.254/16"/>
  </properties>
  <testcase name="coursesNavigationBarTest" classname="com.org.selenium.tests.LandingPageTest" time="0.029"/>
  <testcase name="homeNavigationBarTest" classname="com.org.selenium.tests.LandingPageTest" time="0.022"/>
  <testcase name="landingPageNavigationTest" classname="com.org.selenium.tests.LandingPageTest" time="7.559"/>
  <testcase name="videosNavigationBarTest" classname="com.org.selenium.tests.LandingPageTest" time="0.022"/>
  <testcase name="baseTest" classname="com.org.selenium.tests.LoginTest" time="6.216"/>
  <testcase name="baseTest" classname="com.org.selenium.tests.LoginTest" time="3.481"/>
  <testcase name="baseTest" classname="com.org.selenium.tests.LoginTest" time="3.013"/>
</testsuite>