<?xml version="1.0" encoding="UTF-8"?>
<!-- Generated by org.testng.reporters.JUnitReportReporter -->
<testsuite skipped="0" hostname="navinhamarsimac.lan" name="com.org.selenium.tests.LandingPageTest" tests="4" failures="0" timestamp="22 Mar 2020 05:36:36 GMT" time="7.632" errors="0">
  <testcase name="landingPageNavigationTest" time="7.558" classname="com.org.selenium.tests.LandingPageTest"/>
  <testcase name="videosNavigationBarTest" time="0.022" classname="com.org.selenium.tests.LandingPageTest"/>
  <testcase name="coursesNavigationBarTest" time="0.029" classname="com.org.selenium.tests.LandingPageTest"/>
  <testcase name="homeNavigationBarTest" time="0.023" classname="com.org.selenium.tests.LandingPageTest"/>
</testsuite> <!-- com.org.selenium.tests.LandingPageTest -->
