<?xml version="1.0" encoding="UTF-8"?>
<!-- Generated by org.testng.reporters.JUnitReportReporter -->
<testsuite skipped="0" hostname="navinhamarsimac.lan" name="com.org.selenium.tests.LoginTest" tests="3" failures="0" timestamp="22 Mar 2020 05:36:36 GMT" time="12.709" errors="0">
  <testcase name="baseTest" time="3.480" classname="com.org.selenium.tests.LoginTest"/>
  <testcase name="baseTest" time="6.216" classname="com.org.selenium.tests.LoginTest"/>
  <testcase name="baseTest" time="3.013" classname="com.org.selenium.tests.LoginTest"/>
</testsuite> <!-- com.org.selenium.tests.LoginTest -->
